<?xml version="1.0" encoding="UTF-8"?>
<!-- Generated by org.testng.reporters.JUnitReportReporter -->
<testsuite hostname="Erics-iMac.local" name="test.selenium.scripts.firefox.TestOneFFScript" tests="1" failures="0" timestamp="14 Jun 2013 12:14:09 GMT" time="7.247" errors="0">
  <testcase name="testOne" time="7.247" classname="test.selenium.scripts.firefox.TestOneFFScript"/>
</testsuite> <!-- test.selenium.scripts.firefox.TestOneFFScript -->
