<?xml version="1.0" encoding="UTF-8"?>
<!-- Generated by org.testng.reporters.JUnitReportReporter -->
<testsuite hostname="Erics-iMac.local" name="test.unit.modeltests.image.ImageUnit" tests="7" failures="0" timestamp="15 Jun 2013 10:59:21 GMT" time="0.016" errors="0">
  <testcase name="testId" time="0.000" classname="test.unit.modeltests.image.ImageUnit"/>
  <testcase name="testImagePath" time="0.001" classname="test.unit.modeltests.image.ImageUnit"/>
  <testcase name="testShared" time="0.000" classname="test.unit.modeltests.image.ImageUnit"/>
  <testcase name="testLastEdited" time="0.005" classname="test.unit.modeltests.image.ImageUnit"/>
  <testcase name="testUploaded" time="0.000" classname="test.unit.modeltests.image.ImageUnit"/>
  <testcase name="testUserId" time="0.000" classname="test.unit.modeltests.image.ImageUnit"/>
  <testcase name="testFileName" time="0.010" classname="test.unit.modeltests.image.ImageUnit"/>
</testsuite> <!-- test.unit.modeltests.image.ImageUnit -->
