<?xml version="1.0" encoding="UTF-8"?>
<!-- Generated by org.testng.reporters.JUnitReportReporter -->
<testsuite hostname="Erics-iMac.local" name="test.selenium.scripts.htmlunit.join.JoinAsUser" tests="3" failures="0" timestamp="15 Jun 2013 13:09:36 GMT" time="0.213" errors="0">
  <testcase name="userJoinsPasswordsDoNotMatch" time="0.019" classname="test.selenium.scripts.htmlunit.join.JoinAsUser"/>
  <testcase name="userJoinsInvalidEmail" time="0.061" classname="test.selenium.scripts.htmlunit.join.JoinAsUser"/>
  <testcase name="userJoinsMissingFields" time="0.133" classname="test.selenium.scripts.htmlunit.join.JoinAsUser"/>
</testsuite> <!-- test.selenium.scripts.htmlunit.join.JoinAsUser -->
