<?xml version="1.0" encoding="UTF-8"?>
<!-- Generated by org.testng.reporters.JUnitReportReporter -->
<testsuite hostname="Erics-iMac.local" name="test.unit.modeltests.user.UserUnit" tests="5" failures="0" timestamp="20 Jun 2013 22:27:59 GMT" time="0.013" errors="0">
  <testcase name="testUsername" time="0.001" classname="test.unit.modeltests.user.UserUnit"/>
  <testcase name="testPassword" time="0.001" classname="test.unit.modeltests.user.UserUnit"/>
  <testcase name="testLastname" time="0.001" classname="test.unit.modeltests.user.UserUnit"/>
  <testcase name="testFirstname" time="0.009" classname="test.unit.modeltests.user.UserUnit"/>
  <testcase name="testId" time="0.001" classname="test.unit.modeltests.user.UserUnit"/>
</testsuite> <!-- test.unit.modeltests.user.UserUnit -->
