<?xml version="1.0" encoding="UTF-8"?>
<!-- Generated by org.testng.reporters.JUnitReportReporter -->
<testsuite hostname="Erics-iMac.local" name="test.unit.dbmanager.DatabaseManagerUnit" tests="1" failures="0" timestamp="16 Jun 2013 10:55:45 GMT" time="1.045" errors="0">
  <testcase name="testLogin" time="1.045" classname="test.unit.dbmanager.DatabaseManagerUnit"/>
</testsuite> <!-- test.unit.dbmanager.DatabaseManagerUnit -->
