<?xml version="1.0" encoding="UTF-8"?>
<!-- Generated by org.testng.reporters.JUnitReportReporter -->
<testsuite hostname="Erics-iMac.local" name="test.selenium.scripts.browser.login.LoginAsUser" tests="3" failures="0" timestamp="20 Jun 2013 22:30:07 GMT" time="11.891" errors="0">
  <testcase name="validLogin" time="7.694" classname="test.selenium.scripts.browser.login.LoginAsUser"/>
  <testcase name="invalidPasswordLogin" time="2.269" classname="test.selenium.scripts.browser.login.LoginAsUser"/>
  <testcase name="invalidUsernameLogin" time="1.928" classname="test.selenium.scripts.browser.login.LoginAsUser"/>
</testsuite> <!-- test.selenium.scripts.browser.login.LoginAsUser -->
