<?xml version="1.0" encoding="UTF-8"?>
<!-- Generated by org.testng.reporters.JUnitReportReporter -->
<testsuite hostname="Erics-iMac.local" name="test.selenium.scripts.browser.login.LoginAsUser" tests="3" failures="0" timestamp="20 Jun 2013 19:24:35 GMT" time="17.114" errors="0">
  <testcase name="invalidPasswordLogin" time="8.122" classname="test.selenium.scripts.browser.login.LoginAsUser"/>
  <testcase name="invalidUsernameLogin" time="5.892" classname="test.selenium.scripts.browser.login.LoginAsUser"/>
  <testcase name="validLogin" time="3.100" classname="test.selenium.scripts.browser.login.LoginAsUser"/>
</testsuite> <!-- test.selenium.scripts.browser.login.LoginAsUser -->
