<?xml version="1.0" encoding="UTF-8"?>
<!-- Generated by org.testng.reporters.JUnitReportReporter -->
<testsuite hostname="Erics-iMac.local" name="test.selenium.scripts.htmlunit.login.LoginUser" tests="3" failures="0" timestamp="16 Jun 2013 10:36:26 GMT" time="2.973" errors="0">
  <testcase name="invalidPasswordLogin" time="2.561" classname="test.selenium.scripts.htmlunit.login.LoginUser"/>
  <testcase name="invalidUsernameLogin" time="0.168" classname="test.selenium.scripts.htmlunit.login.LoginUser"/>
  <testcase name="validLogin" time="0.244" classname="test.selenium.scripts.htmlunit.login.LoginUser"/>
</testsuite> <!-- test.selenium.scripts.htmlunit.login.LoginUser -->
